<?xml version="1.0" encoding="UTF-8"?><testsuite errors="0" failures="1" name="pruebas.funcionales.SearchByStringTest" skipped="0" tests="1" time="0.07" timestamp="2019-03-21 03:53:16"><testcase classname="pruebas.funcionales.SearchByStringTest" name="Test"><failure message="Not yet implemented" type="java.lang.AssertionError">Not yet implemented</failure><system-err>Not yet implemented
pruebas.funcionales.SearchByStringTest.test(SearchByStringTest.java:15)
</system-err></testcase></testsuite>